--------------- Ox at 09:46:27 on 22-Apr-2025 ---------------

Ox 9.10 (Windows_64/Parallel) (C) J.A. Doornik, 1994-2023 (oxlang.dev)
******************************************
------------------------------------------
	Configuracao de variaveis
------------------------------------------

REGIOES
	Quantidade de lags: 8
	Quantidade de Regioes: 110
	Quantidade de Variaveis Dependente: 2
Variaveis Dependentes:
[0] = ETANOL_HIDRATADO
[1] = GASOLINA_COMUM

DATABASE
	Macrovariaveis: ../export/database for ox/db_oil_withSesonal.in7
	Regioes: ../export/database for ox/db_oil_withSesonal.in7
	Database Star: ../export/database for ox/db_oil_withSesonal_Star.in7

DIRETORIOS
	W Matrix Dir: ../export/W_mat/
	Cointeration Matrix Dir: ./mat_files/Cointegration - l8/
	Raw Matrix Dir: ./mat_files/RawMatrix/
	A Matrix Dir: ./mat_files/A_Matrix/
	G Matrix Dir: ./mat_files/G_Matrix/
	Result Matrix Dir: ./mat_files/Result_Matrix/

WEIGHT MATRIX
	Matrix de Pesos: ../export/W_mat/PIB_PC_1.mat

Configuracoes
	is_IIS_ON: 1
	IIS_pvalue: 1e-06
	is_DUMMY_ON: 1
	type_DUMMY: U
******************************************
>>> Inicio da estimacao do modelo de macrovariaveis


*****************************************
             Macrovariaveis 
*****************************************

Carregando dados das variaveis exogenas
Carregando base de dados com informacoes regionais
Construindo variaveis X
Concluido construcao das variaveis X
Construindo influencia das variaveis
Salvando matriz W_w para ser utilizada depois
Inicio um nomo objeto do tipo PcGive referente a macrovariaveis
PcGive package version 16.10, object created on 22-04-2025
(C) Jurgen A Doornik - requires a licensed version of PcGive Professional
Carregando base de dados de macrovariaveis
Iniciando construcao da variavel Delta para variaveis
Adicionado Diff da variavel: brent
Adicionado Diff da variavel: lnCambio
Adicionando variavel mX
Adicionando variavel D_mX 
Cointegracao de Macrovariaveis desligado
	Adicionado: CSeasonal U
Model Sample: 2005-04-24 - 2018-12-30

Autometrics identification block search over regressors
no. initial regressors    731  no. of observations       715
significance level      1e-06  block method         standard
extension effort     standard  reduction effort     standard
block backtesting        GUM0  used in blocks      A,B,C1,D1


A. Step 1: block search for omitted regressors
   significance          1e-06  diagnostics             off
   no of blocks              6  blocked by         variable
   0(127):0 1(127):4 2(127):0 3(127):0 4(127):1 5(96):0  found: 5
A. Step 1 (continued): 
   significance          8e-06  diagnostics             off
   no of blocks              6  blocked by         variable
   0(127):0 1(127):4 2(127):0 3(127):0 4(127):2 5(96):0  found: 6
A. Step 2   size=  6 #pars= 116 loglik=     3453.62 selected: 6

B. Step 1: block search for omitted regressors
   significance          1e-06  diagnostics         delayed
   no of blocks              6  blocked by         variable
   0(133):0 1(133):0 2(133):0 3(133):0 4(133):0 5(96):0  found: 0

C. Step 1: block search for omitted regressors
   significance          2e-06  diagnostics         delayed
   no of blocks              6  blocked by         variable
   0(133):0 1(133):0 2(133):0 3(133):0 4(133):0 5(96):0  found: 0

Block search complete, estimated 154 models in  0.88
- final selection size=  6 regs=  6 total=  58 loglik=     3453.62


---------- Autometrics: dimensions of initial GUM ----------
no. of observations       715  no. of parameters         116
no. free regressors (k1)    6  no. free components (k2)    0
no. of equations            2  no. diagnostic tests        4

Fixed regressors:  Constant CSeasonal CSeasonal_1 ... CSeasonal_50

Presearch reduction: none removed

[0.3] Testing GUM 0 at 7.92447e-05:  LRF(12) [0.0000] kept

[1.0] Start of Autometrics tree search

Searching from GUM 0  k=   6 loglik=     3453.62
Found new terminal 1  k=   5 loglik=     3442.04 SC=   -8.5802
Found new terminal 2  k=   5 loglik=     3439.39 SC=   -8.5728

Searching for contrasting terminals in terminal paths

[2.0] Selection of final model from terminal candidates: terminal 1

p-values in Final GUM and terminal model(s)
                 Final GUM  terminal 1  terminal 2
II#2008-09-28   0.00002427           .  0.00002430
II#2008-10-05   0.00000000  0.00000000  0.00000000
II#2008-10-12   0.00000002  0.00000002  0.00000005
II#2008-11-30   0.00000047  0.00000060  0.00000052
II#2015-02-01   0.00000007  0.00000008  0.00000013
II#2015-08-30   0.00000214  0.00000214           .
k                        6           5           5
parameters             116         114         114
loglik              3453.6      3442.0      3439.4
AIC                -9.3360     -9.3092     -9.3018
HQ                 -9.0495     -9.0277     -9.0203
SC                 -8.5942     -8.5802     -8.5728
                               =======

p-values of diagnostic checks for model validity
          Initial GUM     cut-off   Final GUM     cut-off Final model
AR(7)         0.00000     0.00000     0.00000     0.00000     0.00000
Normality     0.00000     0.00000     0.00000     0.00000     0.00000
Hetero        0.39787     0.01000     0.39787     0.01000     0.44235
Chow(70%)     0.00009     0.00000     0.00009     0.00010     0.00025

*** Warning: Final model failed 3 diagnostic test(s)

The final model has 1 insignificant coefficient:
Joint significance  LRF( 2) [0.0000] LRF_GUM0( 4) [0.0000]
II#2015-08-30       Failed backtest against GUM0

Summary of Autometrics search
initial search space      2^6  final search space        2^6
no. estimated models       17  no. terminal models         2
test form                LR-F  target size        User:1e-06
large residuals            no  presearch reduction      lags
backtesting              GUM0  tie-breaker                SC
diagnostics p-value      0.01  search effort        standard
time                     1.01  Autometrics version       2.3

SYS( 2) Estimating the system by OLS
        The dataset is: ../export/database for ox/db_oil_withSesonal.in7
        The estimation sample is: 2005-04-24 - 2018-12-30

URF equation for: D_brent
                  Coefficient  Std.Error  t-value  t-prob
II#2008-10-05       -0.143184    0.03577    -4.00  0.0001
II#2008-10-12       -0.160047    0.03577    -4.47  0.0000
II#2008-11-30       -0.188931    0.03577    -5.28  0.0000
II#2015-02-01        0.118366    0.03588     3.30  0.0010
II#2015-08-30        0.122829    0.03577     3.43  0.0006
Constant      U   0.000518186   0.001295    0.400  0.6891
CSeasonal     U    0.00166296    0.01352    0.123  0.9021
CSeasonal_1   U   -0.00706705    0.01352   -0.523  0.6013
CSeasonal_2   U    0.00111041    0.01328   0.0836  0.9334
CSeasonal_3   U   -0.00906515    0.01328   -0.683  0.4950
CSeasonal_4   U   -0.00754979    0.01328   -0.569  0.5698
CSeasonal_5   U    -0.0214894    0.01328    -1.62  0.1060
CSeasonal_6   U   -0.00525698    0.01328   -0.396  0.6923
CSeasonal_7   U   0.000370857    0.01328   0.0279  0.9777
CSeasonal_8   U   -0.00597391    0.01328   -0.450  0.6529
CSeasonal_9   U    -0.0114690    0.01328   -0.864  0.3880
CSeasonal_10  U   -0.00379180    0.01328   -0.286  0.7753
CSeasonal_11  U    -0.0218981    0.01328    -1.65  0.0995
CSeasonal_12  U   -0.00939513    0.01328   -0.708  0.4794
CSeasonal_13  U   -0.00877471    0.01328   -0.661  0.5089
CSeasonal_14  U    -0.0144916    0.01328    -1.09  0.2754
CSeasonal_15  U   -0.00988264    0.01328   -0.744  0.4569
CSeasonal_16  U    -0.0126969    0.01328   -0.956  0.3392
CSeasonal_17  U    -0.0141812    0.01328    -1.07  0.2858
CSeasonal_18  U    -0.0298472    0.01328    -2.25  0.0249
CSeasonal_19  U   -0.00444164    0.01328   -0.335  0.7381
CSeasonal_20  U    -0.0124697    0.01328   -0.939  0.3479
CSeasonal_21  U    -0.0196943    0.01328    -1.48  0.1384
CSeasonal_22  U    -0.0188218    0.01352    -1.39  0.1643
CSeasonal_23  U    -0.0146441    0.01328    -1.10  0.2704
CSeasonal_24  U    -0.0168698    0.01328    -1.27  0.2043
CSeasonal_25  U    -0.0255823    0.01328    -1.93  0.0544
CSeasonal_26  U   -0.00297580    0.01352   -0.220  0.8259
CSeasonal_27  U     0.0158601    0.01352     1.17  0.2412
CSeasonal_28  U    -0.0209130    0.01328    -1.58  0.1157
CSeasonal_29  U    -0.0220362    0.01328    -1.66  0.0974
CSeasonal_30  U    -0.0142800    0.01328    -1.08  0.2825
CSeasonal_31  U    -0.0294378    0.01328    -2.22  0.0269
CSeasonal_32  U    -0.0236382    0.01328    -1.78  0.0755
CSeasonal_33  U    -0.0177835    0.01328    -1.34  0.1809
CSeasonal_34  U   -0.00443211    0.01352   -0.328  0.7431
CSeasonal_35  U    -0.0215057    0.01328    -1.62  0.1057
CSeasonal_36  U    -0.0259729    0.01328    -1.96  0.0508
CSeasonal_37  U    -0.0222403    0.01328    -1.68  0.0944
CSeasonal_38  U   -0.00133142    0.01328   -0.100  0.9201
CSeasonal_39  U    -0.0109041    0.01328   -0.821  0.4118
CSeasonal_40  U    -0.0252563    0.01328    -1.90  0.0576
CSeasonal_41  U    -0.0290712    0.01352    -2.15  0.0319
CSeasonal_42  U    -0.0114554    0.01352   -0.847  0.3971
CSeasonal_43  U    0.00211124    0.01352    0.156  0.8760
CSeasonal_44  U   -0.00606110    0.01380   -0.439  0.6606
CSeasonal_45  U    -0.0102543    0.01352   -0.758  0.4484
CSeasonal_46  U     0.0141467    0.01352     1.05  0.2958
CSeasonal_47  U   -0.00519171    0.01352   -0.384  0.7011
CSeasonal_48  U   -0.00206528    0.01352   -0.153  0.8786
CSeasonal_49  U    -0.0118674    0.01352   -0.878  0.3804
CSeasonal_50  U   -0.00240425    0.01352   -0.178  0.8589

sigma = 0.0344687   RSS = 0.7817633161

URF equation for: D_lnCambio
                  Coefficient  Std.Error  t-value  t-prob
II#2008-10-05        0.133715    0.01675     7.98  0.0000
II#2008-10-12      -0.0344397    0.01675    -2.06  0.0402
II#2008-11-30       0.0515964    0.01675     3.08  0.0022
II#2015-02-01       0.0537945    0.01680     3.20  0.0014
II#2015-08-30       0.0385314    0.01675     2.30  0.0217
Constant      U   0.000161832  0.0006062    0.267  0.7896
CSeasonal     U   0.000517151   0.006331   0.0817  0.9349
CSeasonal_1   U   -0.00164694   0.006331   -0.260  0.7948
CSeasonal_2   U    0.00778590   0.006217     1.25  0.2109
CSeasonal_3   U    0.00424332   0.006217    0.683  0.4952
CSeasonal_4   U    0.00803605   0.006217     1.29  0.1966
CSeasonal_5   U     0.0119824   0.006217     1.93  0.0544
CSeasonal_6   U     0.0106088   0.006217     1.71  0.0884
CSeasonal_7   U     0.0118956   0.006217     1.91  0.0561
CSeasonal_8   U    0.00888541   0.006217     1.43  0.1534
CSeasonal_9   U     0.0113039   0.006217     1.82  0.0695
CSeasonal_10  U   0.000350897   0.006217   0.0564  0.9550
CSeasonal_11  U    0.00682986   0.006217     1.10  0.2724
CSeasonal_12  U    0.00414651   0.006217    0.667  0.5050
CSeasonal_13  U    0.00441410   0.006217    0.710  0.4780
CSeasonal_14  U     0.0102246   0.006217     1.64  0.1005
CSeasonal_15  U    0.00250706   0.006217    0.403  0.6869
CSeasonal_16  U    0.00201119   0.006217    0.323  0.7464
CSeasonal_17  U    0.00991856   0.006217     1.60  0.1111
CSeasonal_18  U     0.0182774   0.006217     2.94  0.0034
CSeasonal_19  U    0.00725014   0.006217     1.17  0.2440
CSeasonal_20  U     0.0122874   0.006217     1.98  0.0485
CSeasonal_21  U     0.0108674   0.006217     1.75  0.0809
CSeasonal_22  U     0.0111764   0.006331     1.77  0.0780
CSeasonal_23  U    0.00963655   0.006217     1.55  0.1216
CSeasonal_24  U     0.0120989   0.006217     1.95  0.0521
CSeasonal_25  U     0.0123495   0.006217     1.99  0.0474
CSeasonal_26  U    0.00411066   0.006331    0.649  0.5164
CSeasonal_27  U   -0.00853220   0.006331    -1.35  0.1782
CSeasonal_28  U     0.0107183   0.006217     1.72  0.0852
CSeasonal_29  U    0.00302861   0.006217    0.487  0.6263
CSeasonal_30  U    0.00351092   0.006217    0.565  0.5725
CSeasonal_31  U     0.0180127   0.006217     2.90  0.0039
CSeasonal_32  U     0.0201940   0.006217     3.25  0.0012
CSeasonal_33  U     0.0136506   0.006217     2.20  0.0285
CSeasonal_34  U    0.00109219   0.006331    0.173  0.8631
CSeasonal_35  U     0.0152297   0.006217     2.45  0.0146
CSeasonal_36  U     0.0105959   0.006217     1.70  0.0888
CSeasonal_37  U     0.0116101   0.006217     1.87  0.0623
CSeasonal_38  U    0.00290929   0.006217    0.468  0.6400
CSeasonal_39  U   -0.00108861   0.006217   -0.175  0.8611
CSeasonal_40  U    0.00964934   0.006217     1.55  0.1211
CSeasonal_41  U    0.00362030   0.006331    0.572  0.5676
CSeasonal_42  U    0.00525160   0.006331    0.829  0.4071
CSeasonal_43  U    0.00221666   0.006331    0.350  0.7264
CSeasonal_44  U   -0.00165921   0.006462   -0.257  0.7974
CSeasonal_45  U     0.0101312   0.006331     1.60  0.1100
CSeasonal_46  U    0.00631879   0.006331    0.998  0.3186
CSeasonal_47  U    0.00631717   0.006331    0.998  0.3188
CSeasonal_48  U    0.00642268   0.006331     1.01  0.3107
CSeasonal_49  U     0.0109981   0.006331     1.74  0.0828
CSeasonal_50  U     0.0134388   0.006331     2.12  0.0342

sigma = 0.0161416   RSS = 0.1714429756

log-likelihood     3442.03774  -T/2log|Omega|     5471.11984
|Omega|        2.25751337e-07  log|Y'Y/T|        -15.0335039
R^2(LR)              0.236871  R^2(LM)              0.126245
no. of observations       715  no. of parameters         114

F-test on regressors except unrestricted: F(10,1314) = 19.0168 [0.0000] **
F-tests on retained regressors, F(2,657) =
II#2008-10-05       32.4244 [0.000]**II#2008-10-12       18.0336 [0.000]**
II#2008-11-30       14.6442 [0.000]**II#2015-02-01       16.8207 [0.000]**
II#2015-08-30       13.3178 [0.000]**    Constant U    0.180392 [0.835]  
   CSeasonal U   0.0169822 [0.983]   CSeasonal_1 U    0.256415 [0.774]  
 CSeasonal_2 U    0.958596 [0.384]   CSeasonal_3 U    0.338983 [0.713]  
 CSeasonal_4 U    0.838463 [0.433]   CSeasonal_5 U     2.32439 [0.099]  
 CSeasonal_6 U     1.48702 [0.227]   CSeasonal_7 U     2.14604 [0.118]  
 CSeasonal_8 U     1.02368 [0.360]   CSeasonal_9 U     1.67046 [0.189]  
CSeasonal_10 U   0.0421747 [0.959]  CSeasonal_11 U     1.49395 [0.225]  
CSeasonal_12 U    0.344268 [0.709]  CSeasonal_13 U    0.342722 [0.710]  
CSeasonal_14 U     1.48306 [0.228]  CSeasonal_15 U    0.285815 [0.751]  
CSeasonal_16 U    0.457262 [0.633]  CSeasonal_17 U     1.40066 [0.247]  
CSeasonal_18 U     5.08481 [0.006]**CSeasonal_19 U    0.684722 [0.505]  
CSeasonal_20 U     1.97384 [0.140]  CSeasonal_21 U     1.92667 [0.146]  
CSeasonal_22 U     1.86829 [0.155]  CSeasonal_23 U     1.35942 [0.258]  
CSeasonal_24 U     2.06311 [0.128]  CSeasonal_25 U     2.78616 [0.062]  
CSeasonal_26 U    0.210729 [0.810]  CSeasonal_27 U     1.16758 [0.312]  
CSeasonal_28 U     1.98816 [0.138]  CSeasonal_29 U     1.38547 [0.251]  
CSeasonal_30 U    0.593153 [0.553]  CSeasonal_31 U     4.94086 [0.007]**
CSeasonal_32 U     5.45535 [0.004]**CSeasonal_33 U     2.56420 [0.078]  
CSeasonal_34 U   0.0551213 [0.946]  CSeasonal_35 U     3.28544 [0.038]* 
CSeasonal_36 U     2.46207 [0.086]  CSeasonal_37 U     2.29690 [0.101]  
CSeasonal_38 U    0.112505 [0.894]  CSeasonal_39 U    0.471037 [0.625]  
CSeasonal_40 U     2.21882 [0.110]  CSeasonal_41 U     2.33891 [0.097]  
CSeasonal_42 U    0.511401 [0.600]  CSeasonal_43 U    0.108836 [0.897]  
CSeasonal_44 U    0.198837 [0.820]  CSeasonal_45 U     1.29358 [0.275]  
CSeasonal_46 U     1.66363 [0.190]  CSeasonal_47 U    0.497105 [0.609]  
CSeasonal_48 U    0.543199 [0.581]  CSeasonal_49 U     1.53724 [0.216]  
CSeasonal_50 U     2.46736 [0.086]  

correlation of URF residuals (standard deviations on diagonal)
                   D_brent   D_lnCambio
D_brent           0.034469     -0.37271
D_lnCambio        -0.37271     0.016142
correlation between actual and fitted
      D_brent   D_lnCambio
      0.42383      0.46670

Single equation statistics
                   mean(Y)        se(Y)        sigma          R^2
D_brent         5.4909e-05     0.036533     0.034469      0.17963
D_lnCambio      0.00055022     0.017521     0.016142      0.21781

Single-equation diagnostics using reduced-form residuals:
                               AR 1-7            ARCH 1-7           Normality              Hetero   
D_brent                 8.58 [0.0000]**    12.10 [0.0000]**    10.33 [0.0057]**     1.00 [0.4827]   
D_lnCambio              3.75 [0.0005]**     9.09 [0.0000]**    37.67 [0.0000]**     1.26 [0.1132]   

Vector AR 1-7 test:      F(28,1286)=   3.5064 [0.0000]**
Vector Normality test:   Chi^2(4)  =   45.821 [0.0000]**
Vector Hetero test:      F(153,1967)=   1.0133 [0.4424]  
Vector RESET23 test:     F(8,1306) =0.00021953 [1.0000]  

II#2008-10-05@D_brent        -0.14318
II#2008-10-12@D_brent        -0.16005
II#2008-11-30@D_brent        -0.18893
II#2015-02-01@D_brent         0.11837
II#2015-08-30@D_brent         0.12283
Constant@D_brent           0.00051819
CSeasonal@D_brent           0.0016630
CSeasonal_1@D_brent        -0.0070671
CSeasonal_2@D_brent         0.0011104
CSeasonal_3@D_brent        -0.0090652
CSeasonal_4@D_brent        -0.0075498
CSeasonal_5@D_brent         -0.021489
CSeasonal_6@D_brent        -0.0052570
CSeasonal_7@D_brent        0.00037086
CSeasonal_8@D_brent        -0.0059739
CSeasonal_9@D_brent         -0.011469
CSeasonal_10@D_brent       -0.0037918
CSeasonal_11@D_brent        -0.021898
CSeasonal_12@D_brent       -0.0093951
CSeasonal_13@D_brent       -0.0087747
CSeasonal_14@D_brent        -0.014492
CSeasonal_15@D_brent       -0.0098826
CSeasonal_16@D_brent        -0.012697
CSeasonal_17@D_brent        -0.014181
CSeasonal_18@D_brent        -0.029847
CSeasonal_19@D_brent       -0.0044416
CSeasonal_20@D_brent        -0.012470
CSeasonal_21@D_brent        -0.019694
CSeasonal_22@D_brent        -0.018822
CSeasonal_23@D_brent        -0.014644
CSeasonal_24@D_brent        -0.016870
CSeasonal_25@D_brent        -0.025582
CSeasonal_26@D_brent       -0.0029758
CSeasonal_27@D_brent         0.015860
CSeasonal_28@D_brent        -0.020913
CSeasonal_29@D_brent        -0.022036
CSeasonal_30@D_brent        -0.014280
CSeasonal_31@D_brent        -0.029438
CSeasonal_32@D_brent        -0.023638
CSeasonal_33@D_brent        -0.017783
CSeasonal_34@D_brent       -0.0044321
CSeasonal_35@D_brent        -0.021506
CSeasonal_36@D_brent        -0.025973
CSeasonal_37@D_brent        -0.022240
CSeasonal_38@D_brent       -0.0013314
CSeasonal_39@D_brent        -0.010904
CSeasonal_40@D_brent        -0.025256
CSeasonal_41@D_brent        -0.029071
CSeasonal_42@D_brent        -0.011455
CSeasonal_43@D_brent        0.0021112
CSeasonal_44@D_brent       -0.0060611
CSeasonal_45@D_brent        -0.010254
CSeasonal_46@D_brent         0.014147
CSeasonal_47@D_brent       -0.0051917
CSeasonal_48@D_brent       -0.0020653
CSeasonal_49@D_brent        -0.011867
CSeasonal_50@D_brent       -0.0024043
II#2008-10-05@D_lnCambio      0.13371
II#2008-10-12@D_lnCambio    -0.034440
II#2008-11-30@D_lnCambio     0.051596
II#2015-02-01@D_lnCambio     0.053794
II#2015-08-30@D_lnCambio     0.038531
Constant@D_lnCambio        0.00016183
CSeasonal@D_lnCambio       0.00051715
CSeasonal_1@D_lnCambio     -0.0016469
CSeasonal_2@D_lnCambio      0.0077859
CSeasonal_3@D_lnCambio      0.0042433
CSeasonal_4@D_lnCambio      0.0080361
CSeasonal_5@D_lnCambio       0.011982
CSeasonal_6@D_lnCambio       0.010609
CSeasonal_7@D_lnCambio       0.011896
CSeasonal_8@D_lnCambio      0.0088854
CSeasonal_9@D_lnCambio       0.011304
CSeasonal_10@D_lnCambio    0.00035090
CSeasonal_11@D_lnCambio     0.0068299
CSeasonal_12@D_lnCambio     0.0041465
CSeasonal_13@D_lnCambio     0.0044141
CSeasonal_14@D_lnCambio      0.010225
CSeasonal_15@D_lnCambio     0.0025071
CSeasonal_16@D_lnCambio     0.0020112
CSeasonal_17@D_lnCambio     0.0099186
CSeasonal_18@D_lnCambio      0.018277
CSeasonal_19@D_lnCambio     0.0072501
CSeasonal_20@D_lnCambio      0.012287
CSeasonal_21@D_lnCambio      0.010867
CSeasonal_22@D_lnCambio      0.011176
CSeasonal_23@D_lnCambio     0.0096366
CSeasonal_24@D_lnCambio      0.012099
CSeasonal_25@D_lnCambio      0.012350
CSeasonal_26@D_lnCambio     0.0041107
CSeasonal_27@D_lnCambio    -0.0085322
CSeasonal_28@D_lnCambio      0.010718
CSeasonal_29@D_lnCambio     0.0030286
CSeasonal_30@D_lnCambio     0.0035109
CSeasonal_31@D_lnCambio      0.018013
CSeasonal_32@D_lnCambio      0.020194
CSeasonal_33@D_lnCambio      0.013651
CSeasonal_34@D_lnCambio     0.0010922
CSeasonal_35@D_lnCambio      0.015230
CSeasonal_36@D_lnCambio      0.010596
CSeasonal_37@D_lnCambio      0.011610
CSeasonal_38@D_lnCambio     0.0029093
CSeasonal_39@D_lnCambio    -0.0010886
CSeasonal_40@D_lnCambio     0.0096493
CSeasonal_41@D_lnCambio     0.0036203
CSeasonal_42@D_lnCambio     0.0052516
CSeasonal_43@D_lnCambio     0.0022167
CSeasonal_44@D_lnCambio    -0.0016592
CSeasonal_45@D_lnCambio      0.010131
CSeasonal_46@D_lnCambio     0.0063188
CSeasonal_47@D_lnCambio     0.0063172
CSeasonal_48@D_lnCambio     0.0064227
CSeasonal_49@D_lnCambio      0.010998
CSeasonal_50@D_lnCambio      0.013439
Processo H iniciado
Processo U iniciado
Processo U finalizado
Processo Extracao da matriz de saturacao (IIS)
Processo AlphaBeta iniciado
Processo B iniciado
*** Fim da estimacao dos modelos de macrovariaveis *** 
OMP: Warning #227: Cannot determine machine load balance - Using KMP_DYNAMIC_MODE=thread limit
