--------------- Ox at 12:09:27 on 17-Jan-2022 ---------------

Ox Professional version 8.20 (Windows_64/U/MT) (C) J.A. Doornik, 1994-2019
******************************************
------------------------------------------
	Configuracao de variaveis
------------------------------------------

REGIOES
	Quantidade de lags: 8
	Quantidade de Regioes: 110
	Quantidade de Variaveis Dependente: 3
Variaveis Dependentes:
[0] = ETANOL_HIDRATADO
[1] = OLEO_DIESEL
[2] = GASOLINA_COMUM

DATABASE
	Macrovariaveis: ../export/database for ox/db_oil_withSesonal.in7
	Regioes: ../export/database for ox/db_oil_withSesonal.in7

DIRETORIOS
	W Matrix Dir: ../export/W_mat/
	Cointeration Matrix Dir: ./mat_files/Cointegration - l8/
	Raw Matrix Dir: ./mat_files/RawMatrix/
	A Matrix Dir: ./mat_files/A_Matrix/
	G Matrix Dir: ./mat_files/G_Matrix/
	Result Matrix Dir: ./mat_files/Result_Matrix/

Configuracoes
	is_IIS_ON: 0
	IIS_pvalue: 1e-05
	is_DUMMY_ON: 0
******************************************
>>> Inicio da estimacao do modelo de macrovariaveis


*****************************************
             Macrovariaveis 
*****************************************

Carregando dados das variaveis exogenas
Carregando base de dados com informacoes regionais
Construindo variaveis X
Concluido construcao das variaveis X
Construindo influencia das variaveis

      0.00000      0.00000      0.00000      0.00000      0.00000      0.00000      0.00000      0.00000      0.00000      0.00000      0.00000      0.00000      0.00000      0.00000      0.00000      0.00000      0.00000      0.00000      0.00000      0.00000      0.00000      0.00000      0.00000      0.00000      0.00000      0.00000      0.00000      0.00000      0.00000      0.00000      0.00000      0.00000      0.00000      0.00000      0.00000      0.00000      0.00000      0.00000      0.00000      0.00000      0.00000      0.00000      0.00000      0.00000      0.00000      0.00000      0.00000      0.00000      0.00000      0.00000      0.00000      0.00000      0.00000      0.00000      0.00000      0.00000      0.00000      0.00000      0.00000      0.00000      0.00000      0.00000      0.00000      0.00000      0.00000      0.00000      0.00000      0.00000      0.00000      0.00000      0.00000      0.00000      0.00000      0.00000      0.00000      0.00000      0.00000      0.00000
      0.00000      0.00000      0.00000      0.00000      0.00000      0.00000      0.00000      0.00000      0.00000      0.00000      0.00000      0.00000      0.00000      0.00000      0.00000      0.00000      0.00000      0.00000      0.00000      0.00000      0.00000      0.00000      0.00000      0.00000      0.00000      0.00000      0.00000      0.00000      0.00000      0.00000      0.00000      0.00000      0.00000      0.00000      0.00000      0.00000      0.00000      0.00000      0.00000      0.00000      0.00000      0.00000      0.00000      0.00000      0.00000      0.00000      0.00000      0.00000      0.00000      0.00000      0.00000      0.00000      0.00000      0.00000      0.00000      0.00000      0.00000      0.00000      0.00000      0.00000      0.00000      0.00000      0.00000      0.00000      0.00000      0.00000      0.00000      0.00000      0.00000      0.00000      0.00000      0.00000      0.00000      0.00000      0.00000      0.00000      0.00000      0.00000
      0.00000      0.00000      0.00000      0.00000      0.00000      0.00000      0.00000      0.00000      0.00000      0.00000      0.00000      0.00000      0.00000      0.00000      0.00000      0.00000      0.00000      0.00000      0.00000      0.00000      0.00000      0.00000      0.00000      0.00000      0.00000      0.00000      0.00000      0.00000      0.00000      0.00000      0.00000      0.00000      0.00000      0.00000      0.00000      0.00000      0.00000      0.00000      0.00000      0.00000      0.00000      0.00000      0.00000      0.00000      0.00000      0.00000      0.00000      0.00000      0.00000      0.00000      0.00000      0.00000      0.00000      0.00000      0.00000      0.00000      0.00000      0.00000      0.00000      0.00000      0.00000      0.00000      0.00000      0.00000      0.00000      0.00000      0.00000      0.00000      0.00000      0.00000      0.00000      0.00000      0.00000      0.00000      0.00000      0.00000      0.00000      0.00000
      0.00000      0.00000      0.00000      0.00000      0.00000      0.00000      0.00000      0.00000      0.00000      0.00000      0.00000      0.00000      0.00000      0.00000      0.00000      0.00000      0.00000      0.00000      0.00000      0.00000      0.00000      0.00000      0.00000      0.00000      0.00000      0.00000      0.00000      0.00000      0.00000      0.00000      0.00000      0.00000      0.00000      0.00000      0.00000      0.00000      0.00000      0.00000      0.00000      0.00000      0.00000      0.00000      0.00000      0.00000      0.00000      0.00000      0.00000      0.00000      0.00000      0.00000      0.00000      0.00000      0.00000      0.00000      0.00000      0.00000      0.00000      0.00000      0.00000      0.00000      0.00000      0.00000      0.00000      0.00000      0.00000      0.00000      0.00000      0.00000      0.00000      0.00000      0.00000      0.00000      0.00000      0.00000      0.00000      0.00000      0.00000      0.00000
      0.00000      0.00000      0.00000      0.00000      0.00000      0.00000      0.00000      0.00000      0.00000      0.00000      0.00000      0.00000      0.00000      0.00000      0.00000      0.00000      0.00000      0.00000
Salvando matriz W_w para ser utilizada depois
Inicio um nomo objeto do tipo PcGive referente a macrovariaveis
PcGive package version 15.20, object created on 17-01-2022
(C) Jurgen A Doornik - requires a licensed version of PcGive Professional
Carregando base de dados de macrovariaveis
Iniciando construcao da variavel Delta para variaveis
Adicionado Diff da variavel: brent
Adicionando variavel mX
Adicionando variavel D_mX 
Model Sample: 2004-07-11 - 2018-12-30
Processo IIS desligado para esta regiao

SYS( 1) Modelling D_brent by OLS
        The dataset is: ../export/database for ox/db_oil_withSesonal.in7
        The estimation sample is: 2004-07-11 - 2018-12-30

                  Coefficient  Std.Error  t-value  t-prob Part.R^2
D_brent_1            0.274248    0.03651     7.51  0.0000   0.0702
D_brent_2          -0.0731962    0.03797    -1.93  0.0543   0.0049
D_brent_3            0.133587    0.03808     3.51  0.0005   0.0162
D_brent_4          -0.0575722    0.03830    -1.50  0.1332   0.0030
D_brent_5           0.0763656    0.03832     1.99  0.0466   0.0053
D_brent_6           0.0156514    0.03814    0.410  0.6817   0.0002
D_brent_7          -0.0124177    0.03808   -0.326  0.7444   0.0001
D_brent_8           0.0845130    0.03681     2.30  0.0220   0.0070
Constant      U   0.000258888   0.001277    0.203  0.8394   0.0001

sigma = 0.035075   RSS = 0.9190004247

log-likelihood     1464.61128  -T/2log|Omega|     2537.32881
|Omega|         0.00121560903  log|Y'Y/T|         -6.6092468
R^2(LR)             0.0981105  R^2(LM)             0.0981105
no. of observations       756  no. of parameters           9
mean(D_brent)     0.000535304  se(D_brent)         0.0367373

F-test on regressors except unrestricted: F(8,747) = 10.1576 [0.0000] **
F-tests on retained regressors, F(1,747) =
   D_brent_1       56.4118 [0.000]**   D_brent_2       3.71541 [0.054]  
   D_brent_3       12.3034 [0.000]**   D_brent_4       2.25925 [0.133]  
   D_brent_5       3.97192 [0.047]*    D_brent_6      0.168379 [0.682]  
   D_brent_7      0.106337 [0.744]     D_brent_8       5.27175 [0.022]* 
    Constant U   0.0411180 [0.839]  

correlation of URF residuals (standard deviations on diagonal)
                   D_brent
D_brent           0.035075
correlation between actual and fitted
      D_brent
      0.31323

AR 1-7 test:      F(7,740)  =  0.58715 [0.7667]  
ARCH 1-7 test:    F(7,742)  =   14.618 [0.0000]**
Normality test:   Chi^2(2)  =   60.952 [0.0000]**
Hetero test:      F(16,739) =   11.855 [0.0000]**
Hetero-X test:    F(44,711) =   9.1558 [0.0000]**
RESET23 test:     F(2,745)  =   4.1345 [0.0164]* 

D_brent_1          0.27425
D_brent_2        -0.073196
D_brent_3          0.13359
D_brent_4        -0.057572
D_brent_5         0.076366
D_brent_6         0.015651
D_brent_7        -0.012418
D_brent_8         0.084513
Constant        0.00025889
Processo H iniciado
asParamNames
[0] = D_brent_1
[1] = D_brent_2
[2] = D_brent_3
[3] = D_brent_4
[4] = D_brent_5
[5] = D_brent_6
[6] = D_brent_7
[7] = D_brent_8
[8] = Constant
vParamValues
      0.27425
    -0.073196
      0.13359
    -0.057572
     0.076366
     0.015651
    -0.012418
     0.084513
   0.00025889
D_brent_1
D_brent_2
D_brent_3
D_brent_4
D_brent_5
D_brent_6
D_brent_7
D_brent_8

          D_brent_1    D_brent_2    D_brent_3    D_brent_4    D_brent_5    D_brent_6    D_brent_7    D_brent_8
brent       0.27425    -0.073196      0.13359    -0.057572     0.076366     0.015651    -0.012418     0.084513
Processo U iniciado
Processo U finalizado
Processo Extracao da matriz de saturacao (IIS)
Processo AlphaBeta iniciado
Processo B iniciado
*** Fim da estimacao dos modelos de macrovariaveis *** 
