--------------- Ox at 10:12:55 on 22-Jan-2022 ---------------

Ox Professional version 8.00 (Windows_64/U/MT) (C) J.A. Doornik, 1994-2018
******************************************
------------------------------------------
	Configuracao de variaveis
------------------------------------------

REGIOES
	Quantidade de lags: 8
	Quantidade de Regioes: 110
	Quantidade de Variaveis Dependente: 3
Variaveis Dependentes:
ETANOL_HIDRATADO
OLEO_DIESEL
GASOLINA_COMUM

DATABASE
	Macrovariaveis: ../export/database for ox/db_oil_withSesonal.in7
	Regioes: ../export/database for ox/db_oil_withSesonal.in7

DIRETORIOS
	W Matrix Dir: ../export/W_mat/
	Cointeration Matrix Dir: ./mat_files/Cointegration - l8/
	Raw Matrix Dir: ./mat_files/RawMatrix/
	A Matrix Dir: ./mat_files/A_Matrix/
	G Matrix Dir: ./mat_files/G_Matrix/
	Result Matrix Dir: ./mat_files/Result_Matrix/

Configuracoes
	is_IIS_ON: 1
	IIS_pvalue: 1e-005
	is_DUMMY_ON: 1
******************************************
>>> Inicio da estimacao do modelo de macrovariaveis


*****************************************
             Macrovariaveis 
*****************************************

Carregando dados das variaveis exogenas
Carregando base de dados com informacoes regionais
Construindo variaveis X
Concluido construcao das variaveis X
Construindo influencia das variaveis

      0.00000      0.00000      0.00000      0.00000      0.00000      0.00000      0.00000      0.00000      0.00000      0.00000      0.00000      0.00000      0.00000      0.00000      0.00000      0.00000      0.00000      0.00000      0.00000      0.00000      0.00000      0.00000      0.00000      0.00000      0.00000      0.00000      0.00000      0.00000      0.00000      0.00000      0.00000      0.00000      0.00000      0.00000      0.00000      0.00000      0.00000      0.00000      0.00000      0.00000      0.00000      0.00000      0.00000      0.00000      0.00000      0.00000      0.00000      0.00000      0.00000      0.00000      0.00000      0.00000      0.00000      0.00000      0.00000      0.00000      0.00000      0.00000      0.00000      0.00000      0.00000      0.00000      0.00000      0.00000      0.00000      0.00000      0.00000      0.00000      0.00000      0.00000      0.00000      0.00000      0.00000      0.00000      0.00000      0.00000      0.00000      0.00000
      0.00000      0.00000      0.00000      0.00000      0.00000      0.00000      0.00000      0.00000      0.00000      0.00000      0.00000      0.00000      0.00000      0.00000      0.00000      0.00000      0.00000      0.00000      0.00000      0.00000      0.00000      0.00000      0.00000      0.00000      0.00000      0.00000      0.00000      0.00000      0.00000      0.00000      0.00000      0.00000      0.00000      0.00000      0.00000      0.00000      0.00000      0.00000      0.00000      0.00000      0.00000      0.00000      0.00000      0.00000      0.00000      0.00000      0.00000      0.00000      0.00000      0.00000      0.00000      0.00000      0.00000      0.00000      0.00000      0.00000      0.00000      0.00000      0.00000      0.00000      0.00000      0.00000      0.00000      0.00000      0.00000      0.00000      0.00000      0.00000      0.00000      0.00000      0.00000      0.00000      0.00000      0.00000      0.00000      0.00000      0.00000      0.00000
      0.00000      0.00000      0.00000      0.00000      0.00000      0.00000      0.00000      0.00000      0.00000      0.00000      0.00000      0.00000      0.00000      0.00000      0.00000      0.00000      0.00000      0.00000      0.00000      0.00000      0.00000      0.00000      0.00000      0.00000      0.00000      0.00000      0.00000      0.00000      0.00000      0.00000      0.00000      0.00000      0.00000      0.00000      0.00000      0.00000      0.00000      0.00000      0.00000      0.00000      0.00000      0.00000      0.00000      0.00000      0.00000      0.00000      0.00000      0.00000      0.00000      0.00000      0.00000      0.00000      0.00000      0.00000      0.00000      0.00000      0.00000      0.00000      0.00000      0.00000      0.00000      0.00000      0.00000      0.00000      0.00000      0.00000      0.00000      0.00000      0.00000      0.00000      0.00000      0.00000      0.00000      0.00000      0.00000      0.00000      0.00000      0.00000
      0.00000      0.00000      0.00000      0.00000      0.00000      0.00000      0.00000      0.00000      0.00000      0.00000      0.00000      0.00000      0.00000      0.00000      0.00000      0.00000      0.00000      0.00000      0.00000      0.00000      0.00000      0.00000      0.00000      0.00000      0.00000      0.00000      0.00000      0.00000      0.00000      0.00000      0.00000      0.00000      0.00000      0.00000      0.00000      0.00000      0.00000      0.00000      0.00000      0.00000      0.00000      0.00000      0.00000      0.00000      0.00000      0.00000      0.00000      0.00000      0.00000      0.00000      0.00000      0.00000      0.00000      0.00000      0.00000      0.00000      0.00000      0.00000      0.00000      0.00000      0.00000      0.00000      0.00000      0.00000      0.00000      0.00000      0.00000      0.00000      0.00000      0.00000      0.00000      0.00000      0.00000      0.00000      0.00000      0.00000      0.00000      0.00000
      0.00000      0.00000      0.00000      0.00000      0.00000      0.00000      0.00000      0.00000      0.00000      0.00000      0.00000      0.00000      0.00000      0.00000      0.00000      0.00000      0.00000      0.00000
Salvando matriz W_w para ser utilizada depois
Inicio um nomo objeto do tipo PcGive referente a macrovariaveis
PcGive package version 15.0, object created on 22-01-2022
(C) Jurgen A Doornik - requires a licensed version of PcGive Professional
Carregando base de dados de macrovariaveis
Iniciando construcao da variavel Delta para variaveis
Adicionado Diff da variavel: brent
Adicionado Diff da variavel: lnCambio
Adicionando variavel mX
Adicionando variavel D_mX 
Cointegracao de Macrovariaveis desligado
Model Sample: 2005-04-24 - 2018-12-30

Autometrics identification block search over regressors
no. initial regressors    731  no. of observations       715
significance level     1e-005  block method         standard
extension effort     standard  reduction effort     standard
backtesting              GUM0  backtesting in      A,B,C1,D1


A. Step 1: block search for omitted regressors
   significance         1e-005  diagnostics             off
   no of blocks              6  blocked by         variable
   0(127):0 1(127):4 2(127):0 3(127):0 4(127):2 5(96):0  6 found
A. Step 1 (continued): 
   significance         8e-005  diagnostics             off
   no of blocks              6  blocked by         variable
   0(127):0 1(127):4 2(127):0 3(127):0 4(127):2 5(96):0  6 found
A. Step 2   size=  6 #pars= 114 loglik=     3442.04  5 selected

B. Step 1: block search for omitted regressors
   significance         1e-005  diagnostics         delayed
   no of blocks              6  blocked by         variable
   0(132):0 1(132):3 2(132):0 3(132):0 4(132):0 5(96):0  3 found
B. Step 2   size=  8 #pars= 120 loglik=     3469.63  8 selected

B. Step 1: block search for omitted regressors
   significance         1e-005  diagnostics         delayed
   no of blocks              6  blocked by         variable
   0(135):0 1(135):0 2(135):0 3(135):0 4(135):8 5(96):0  8 found
B. Step 2   size= 16 #pars= 136 loglik=     3524.39 16 selected

B. Step 1: block search for omitted regressors
   significance         1e-005  diagnostics              on
   no of blocks              6  blocked by         variable
   0(143):7 1(143):0 2(143):0 3(143):0 4(143):0 5(96):0  7 found
B. Step 2   size= 23 #pars= 134 loglik=     3544.08 15 selected

B. Step 1: block search for omitted regressors
   significance         1e-005  diagnostics              on
   no of blocks              6  blocked by         variable
   0(142):0 1(142):26 2(142):0 3(142):63 4(142):0 5(96):26  115 found
B. Step 2   size=130 #pars= 198 loglik=     3641.45 47 selected

B. Step 1: block search for omitted regressors
   significance         1e-005  diagnostics              on
   no of blocks              6  blocked by         variable
   0(174):0 1(174):0 2(174):0 3(174):0 4(174):0 5(96):0  0 found

C. Step 1: block search for omitted regressors
   significance         2e-005  diagnostics              on
   no of blocks              6  blocked by         variable
   0(174):0 1(174):0 2(174):0 3(174):0 4(174):0 5(96):0  0 found

Block search complete, estimated 24258 models in  3:00.34
- final selection size= 47 regs= 47 total=  99 loglik=     3641.45


---------- Autometrics: dimensions of initial GUM ----------
no. of observations       715  no. of parameters         198
no. free regressors (k1)   47  no. free components (k2)    0
no. of equations            2  no. diagnostic tests        4
Fixed regressors:  Constant CSeasonal CSeasonal_1 ... CSeasonal_50

[0.2] Presearch reduction of initial GUM

Starting closed lag reduction at 0.00050
Removing lags(#regressors): none

Starting common lag reduction at 0.00050
Removing lags(#regressors): none

Starting common lag reduction at 0.00050 (excluding lagged y's)
Removing lags(#regressors): none

Presearch reduction in opposite order

Starting common lag reduction at 0.00050 (excluding lagged y's)
Removing lags(#regressors): none

Starting common lag reduction at 0.00050
Removing lags(#regressors): none

Starting closed lag reduction at 0.00050
Removing lags(#regressors): none

Encompassing test against initial GUM (iGUM) removes: none

Presearch reduction: none removed

[0.3] Testing GUM 0:  LRF(94) [0.0000] kept

[1.0] Start of Autometrics tree search

Searching from GUM 0  k=  47 loglik=     3641.45
Found new terminal 1  k=  23 loglik=     3586.52 SC=   -8.6534
Found new terminal 2  k=  28 loglik=     3594.40 SC=   -8.5835
Found new terminal 3  k=  24 loglik=     3586.49 SC=   -8.6349
Found new terminal 4  k=  26 loglik=     3590.78 SC=   -8.6102
Found new terminal 5  k=  27 loglik=     3590.10 SC=   -8.5899
Found new terminal 6  k=  28 loglik=     3591.86 SC=   -8.5764
Found new terminal 7  k=  26 loglik=     3592.81 SC=   -8.6159
Found new terminal 8  k=  26 loglik=     3589.01 SC=   -8.6052
Found new terminal 9  k=  36 loglik=     3607.06 SC=   -8.4719

Searching for contrasting terminals in terminal paths

Encompassing test against GUM 0 removes: none

Searching from GUM 1  k=  41 loglik=     3632.14 LRF_GUM0( 6) [0.1877]
Recalling terminal 1  k=  23 loglik=     3586.52 SC=   -8.6534
Recalling terminal 2  k=  28 loglik=     3594.40 SC=   -8.5835
Recalling terminal 3  k=  24 loglik=     3586.49 SC=   -8.6349
Recalling terminal 4  k=  26 loglik=     3590.78 SC=   -8.6102
Recalling terminal 5  k=  27 loglik=     3590.10 SC=   -8.5899
Recalling terminal 6  k=  28 loglik=     3591.86 SC=   -8.5764
Recalling terminal 7  k=  26 loglik=     3592.81 SC=   -8.6159
Recalling terminal 8  k=  26 loglik=     3589.01 SC=   -8.6052
Recalling terminal 9  k=  36 loglik=     3607.06 SC=   -8.4719

Searching for contrasting terminals in terminal paths
Found new terminal 10 k=  25 loglik=     3588.83 SC=   -8.6231
Found new terminal 11 k=  26 loglik=     3590.23 SC=   -8.6087
Found new terminal 12 k=  25 loglik=     3588.34 SC=   -8.6217
Found new terminal 13 k=  24 loglik=     3585.80 SC=   -8.6330
Found new terminal 14 k=  24 loglik=     3586.20 SC=   -8.6341
Found new terminal 15 k=  26 loglik=     3588.26 SC=   -8.6031
Found new terminal 16 k=  28 loglik=     3594.14 SC=   -8.5828
Found new terminal 17 k=  30 loglik=     3595.50 SC=   -8.5498
Found new terminal 18 k=  28 loglik=     3592.21 SC=   -8.5774
Found new terminal 19 k=  28 loglik=     3592.46 SC=   -8.5781
Found new terminal 20 k=  28 loglik=     3591.96 SC=   -8.5767
Maximum number of terminal candidates reached

[2.0] Selection of final model from terminal candidates: terminal 1

p-values in Final GUM and terminal model(s)
                 Final GUM  terminal 1  terminal 2  terminal 3  terminal 4  terminal 5  terminal 6  terminal 7  terminal 8  terminal 9 terminal 10 terminal 11 terminal 12 terminal 13 terminal 14 terminal 15 terminal 16 terminal 17 terminal 18 terminal 19 terminal 20
D_brent_1       0.00000000  0.00000000  0.00000000  0.00000000  0.00000000  0.00000000  0.00000000  0.00000000  0.00000000  0.00000000  0.00000000  0.00000000  0.00000000  0.00000000  0.00000000  0.00000000  0.00000000  0.00000000  0.00000000  0.00000000  0.00000000
D_lnCambio_1    0.00000192  0.00000408  0.00000274  0.00000242  0.00000792  0.00000300  0.00000139  0.00000425  0.00000707  0.00007285  0.00000223  0.00000411  0.00000178  0.00000934  0.00000728  0.00000638  0.00000184  0.00000410  0.00000257  0.00002941  0.00000191
I:2007-08-05    0.13011787           .  0.14021195           .           .           .           .           .           .  0.13299658           .           .  0.10143158  0.10271598  0.10326014  0.14296989  0.14361799  0.14128261  0.14227699  0.09680961  0.14743965
I:2008-09-07    0.01228910  0.00662384           .  0.00684634  0.00875335  0.00684454  0.01298405  0.00638446  0.00647949  0.00935453  0.00747367  0.00702015  0.00730320  0.00661340  0.00634053  0.00622058           .           .           .           .           .
I:2008-09-28    0.00000002  0.00000006  0.00000004  0.00000006  0.00000003  0.00000004  0.00000010  0.00000005  0.00000004  0.00000007  0.00000004  0.00000006  0.00000006  0.00000006  0.00000008  0.00000008  0.00000003  0.00000008  0.00000008  0.00000006  0.00000004
I:2008-10-05    0.00000000  0.00000000  0.00000000  0.00000000  0.00000000  0.00000000  0.00000000  0.00000000  0.00000000  0.00000000  0.00000000  0.00000000  0.00000000  0.00000000  0.00000000  0.00000000  0.00000000  0.00000000  0.00000000  0.00000000  0.00000000
I:2008-10-12    0.00000000  0.00000000  0.00000000  0.00000000  0.00000000  0.00000000  0.00000000  0.00000000  0.00000000  0.00000000  0.00000000  0.00000000  0.00000000  0.00000000  0.00000000  0.00000000  0.00000000  0.00000000  0.00000000  0.00000000  0.00000000
I:2008-10-19    0.00299628  0.00284133  0.00416651  0.00225734           .  0.00120239  0.00312289  0.00256652  0.00266605  0.00292500  0.00344904  0.00335436  0.00378827  0.00345665  0.00302774  0.00295555  0.00389380  0.00351148  0.00292552           .  0.00287889
I:2008-10-26    0.00002684  0.00004257  0.00003385  0.00003693  0.00004083  0.00004563  0.00003460  0.00003738  0.00004571           .  0.00003239  0.00003584  0.00003266  0.00004728  0.00004579  0.00004320  0.00002998  0.00003428  0.00003515  0.00005045  0.00003357
I:2008-11-16    0.08914279           .  0.10315987           .           .           .           .           .           .  0.06727679           .           .           .  0.08681141  0.08281306  0.08132379  0.10849428  0.08641909  0.08230984  0.08940243  0.10120320
I:2008-11-23    0.01803763  0.02487480           .  0.02387019  0.01984302  0.02141921  0.02214359  0.02291128  0.02119040  0.02835728  0.02340656           .           .           .           .           .           .           .           .           .  0.02096987
I:2008-11-30    0.00000000  0.00000000  0.00000000  0.00000000  0.00000000  0.00000000  0.00000000  0.00000000  0.00000000  0.00000000  0.00000000  0.00000000  0.00000000  0.00000000  0.00000000  0.00000000  0.00000000  0.00000000  0.00000000  0.00000000  0.00000000
I:2008-12-07    0.12974772           .  0.12649905           .           .           .           .           .           .           .           .           .           .           .           .           .  0.11613150           .           .           .  0.13262349
I:2008-12-28    0.00043922  0.00025254  0.00018001  0.00030557  0.00044301  0.00059740  0.00068828           .  0.00030177  0.00026916  0.00025484  0.00026628  0.00024656  0.00020890  0.00021780  0.00024842  0.00019096  0.00061631  0.00029699  0.00052631  0.00024717
I:2009-01-04    0.03878239  0.03207113           .  0.03092534  0.04157545  0.03054231  0.03130734  0.02906830  0.03073313  0.03323539           .           .           .           .           .           .           .           .  0.03184243  0.03738675  0.03610714
I:2009-01-11    0.01267735           .           .  0.00985889  0.01437356  0.01588379  0.01528690  0.01621724  0.01542192           .  0.01602008  0.01795825  0.01814831           .           .           .  0.00782802           .           .           .           .
I:2009-02-15    0.03050471  0.03612186           .  0.03619332  0.03562405  0.03306940  0.03428234  0.03391094  0.03434063  0.03233611           .  0.03775274           .           .           .           .           .           .           .  0.03686705  0.03684496
I:2009-02-22    0.08946442           .  0.06069350  0.06241626  0.06322672           .           .  0.06801093           .  0.08715114           .           .           .  0.05924222  0.05860081  0.06118585  0.06064563  0.06584223  0.06701004  0.06670389  0.06080198
I:2009-03-08    0.07695242           .  0.08084318           .           .           .           .           .           .  0.09063997           .           .           .           .  0.08303950  0.08236261  0.07903671  0.08074325  0.08075353           .  0.07978571
I:2009-03-15    0.00279882  0.00357127  0.00329799           .  0.00161569  0.00348222  0.00348673  0.00391847  0.00388968  0.00301008  0.00366375  0.00366355  0.00338232  0.00340197  0.00349200  0.00358696  0.00357211  0.00363194  0.00365642  0.00304815           .
I:2009-03-22    0.15219986           .  0.17171427           .           .           .           .           .           .  0.14590544           .           .  0.14595195           .           .           .           .  0.14025849  0.14350204  0.13952316           .
I:2009-07-12    0.09089606           .  0.09657500           .  0.09054371           .           .           .           .           .           .           .           .  0.11819009           .  0.12753874  0.09083009  0.12396570  0.12529066           .  0.10044626
I:2009-08-02    0.05454666           .  0.06532167  0.04425961  0.04698689  0.04167809  0.04201406  0.04167408  0.04207498  0.05412278           .           .           .           .           .  0.06245251  0.06571312  0.06348713  0.06140164           .  0.06333487
I:2009-08-30    0.13374297           .           .           .           .           .           .           .           .  0.13703169           .           .  0.14476274           .           .  0.14786944  0.14780718           .           .  0.13789842           .
I:2009-09-06    0.04807736           .  0.02780916           .           .           .  0.05467861           .           .  0.06760724           .           .           .           .           .           .  0.02641321  0.03348600  0.03337794  0.03225830  0.02873779
I:2015-02-01    0.00000001  0.00000001  0.00000001  0.00000001  0.00000001  0.00000002  0.00000002  0.00000001  0.00000002  0.00000001  0.00000001  0.00000001  0.00000001  0.00000001  0.00000001  0.00000001  0.00000001  0.00000001  0.00000001  0.00000001  0.00000001
I:2015-03-08    0.00239730  0.00278118  0.00288953  0.00144595           .  0.00287788  0.00279968  0.00268404  0.00263371  0.00227524  0.00289790  0.00283217  0.00291055  0.00266495  0.00266252  0.00263410  0.00296237  0.00291511  0.00277104  0.00283373  0.00151190
I:2015-08-30    0.00000034  0.00000027  0.00000040  0.00000026  0.00000026  0.00000037  0.00000065  0.00000030  0.00000033  0.00000040  0.00000028  0.00000025  0.00000028  0.00000023  0.00000021  0.00000023  0.00000041  0.00000038  0.00000045  0.00000039  0.00000043
I:2015-09-20    0.00085695  0.00100752  0.00095363  0.00092654  0.00107714  0.00113404           .  0.00094708  0.00099846  0.00108774  0.00095283  0.00094581  0.00098741  0.00097448  0.00094541  0.00093269  0.00091647  0.00093004  0.00093960  0.00108775  0.00092971
I:2016-01-10    0.00014791  0.00019477  0.00017899  0.00022543  0.00018821  0.00021289  0.00019256  0.00021292           .  0.00018084  0.00018750  0.00017789  0.00015332  0.00018788  0.00017875  0.00017888  0.00019943  0.00014553  0.00016156  0.00014166  0.00022728
I:2016-01-24    0.00079354  0.00100934  0.00091761  0.00106050  0.00083919  0.00101121           .  0.00108523  0.00106625  0.00091977  0.00104436  0.00103463  0.00105479  0.00098466  0.00100014  0.00106051  0.00093820  0.00102235  0.00110687  0.00090015  0.00097760
I:2016-08-14    0.00146869  0.00181770  0.00165784  0.00190659  0.00175644           .  0.00175931  0.00185374  0.00223731  0.00193022  0.00167051  0.00162799  0.00146921  0.00179144  0.00171537  0.00168818  0.00173213  0.00139509  0.00152027  0.00148250  0.00190142
I:2017-09-03    0.39324253           .           .           .           .           .           .           .           .  0.39953154           .           .           .           .           .           .           .           .           .           .           .
I:2018-02-11    0.21451938           .           .           .           .  0.16790224  0.15648439           .           .  0.24056231  0.15685206  0.15632737  0.14950284           .           .           .           .           .           .           .           .
I:2018-06-03    0.24302317           .           .           .           .           .           .           .           .  0.23125784  0.24915683  0.24529931           .           .           .           .           .           .           .           .           .
I:2018-06-24    0.17708626           .           .           .           .  0.18781606  0.19106839           .  0.18206605  0.17654063           .  0.17857623           .           .           .           .           .  0.17603749           .           .           .
I:2018-10-07    0.00196746  0.00215487  0.00209364  0.00201539  0.00096704           .  0.00242581  0.00208092  0.00215491  0.00212647  0.00212059  0.00205065  0.00217992  0.00201643  0.00194950  0.00194647  0.00205621  0.00199342  0.00203712  0.00093256  0.00205573
I:2018-11-18    0.16852870           .           .           .           .  0.17500108  0.17411345           .  0.18287848  0.16174577           .           .           .           .           .           .           .  0.17256095  0.17499644  0.16875180           .
I:2018-12-16    0.04004678           .           .           .  0.04295266  0.04505785  0.04514628  0.02037216           .           .           .           .           .           .           .           .           .  0.04184994           .  0.04016911           .
I:2018-12-23    0.29422295           .           .           .           .           .           .           .           .  0.27643200  0.25147800  0.24327647           .           .           .           .           .  0.23159263           .           .           .
I:2018-12-30    0.00867414  0.00667855  0.00559660           .  0.00917634  0.01060139  0.01123605  0.01203250  0.01095477  0.00684842  0.01129830  0.01204783  0.01191510  0.00676638  0.00734366           .           .           .           .  0.00657986           .
k                       41          23          28          24          26          27          28          26          26          36          25          26          25          24          24          26          28          30          28          28          28
parameters             186         150         160         152         156         158         160         156         156         176         154         156         154         152         152         156         160         164         160         160         160
loglik              3632.1      3586.5      3594.4      3586.5      3590.8      3590.1      3591.9      3592.8      3589.0      3607.1      3588.8      3590.2      3588.3      3585.8      3586.2      3588.3      3594.1      3595.5      3592.2      3592.5      3592.0
AIC                -9.6395     -9.6126     -9.6067     -9.6070     -9.6078     -9.6003     -9.5996     -9.6135     -9.6028     -9.5974     -9.6079     -9.6063     -9.6065     -9.6050     -9.6061     -9.6007     -9.6060     -9.5986     -9.6006     -9.6013     -9.5999
HQ                 -9.1802     -9.2422     -9.2116     -9.2316     -9.2225     -9.2101     -9.2045     -9.2282     -9.2176     -9.1627     -9.2276     -9.2210     -9.2262     -9.2297     -9.2308     -9.2155     -9.2109     -9.1936     -9.2055     -9.2062     -9.2048
SC                 -8.4501     -8.6534     -8.5835     -8.6349     -8.6102     -8.5899     -8.5764     -8.6159     -8.6052     -8.4719     -8.6231     -8.6087     -8.6217     -8.6330     -8.6341     -8.6031     -8.5828     -8.5498     -8.5774     -8.5781     -8.5767
                               =======

p-values of diagnostic checks for model validity
          Initial GUM     cut-off   Final GUM     cut-off Final model
AR(7)         0.21396     0.01000     0.20239     0.01000     0.19913
Normality     0.00000     0.00000     0.00000     0.00010     0.00016
Hetero        0.17830     0.01000     0.13694     0.01000     0.01027
Chow(70%)     0.15835     0.01000     0.07991     0.01000     0.03264

*** Warning: Final model failed 1 diagnostic test(s)

The final model has 15 insignificant coefficients:
Joint significance  LRF(30) [0.0000] LRF_GUM0(78) [0.0000]
I:2008-09-07        Failed backtest against GUM0
I:2008-10-19        Failed backtest against GUM0
I:2008-10-26        Failed backtest against GUM0
I:2008-11-23        Failed diagnostic testing
I:2008-12-28        Failed backtest against GUM0
I:2009-01-04        Failed diagnostic testing
I:2009-02-15        Failed diagnostic testing
I:2009-03-15        Failed backtest against GUM0
I:2015-03-08        Failed backtest against GUM0
I:2015-09-20        Failed backtest against GUM0
I:2016-01-10        Failed backtest against GUM0
I:2016-01-24        Failed backtest against GUM0
I:2016-08-14        Failed backtest against GUM0
I:2018-10-07        Failed backtest against GUM0
I:2018-12-30        Failed backtest against GUM0

Summary of Autometrics search
initial search space     2^47  final search space       2^41
no. estimated models     2451  no. terminal models        20
test form                LR-F  target size       User:1e-005
large residuals            no  presearch reduction      lags
backtesting              GUM0  tie-breaker                SC
diagnostics p-value      0.01  search effort        standard
time                  3:07.90  Autometrics version       2.0

SYS( 2) Estimating the system by OLS
        The dataset is: ../export/database for ox/db_oil_withSesonal.in7
        The estimation sample is: 2005-04-24 - 2018-12-30

URF equation for: D_brent
                  Coefficient  Std.Error  t-value  t-prob
D_brent_1            0.276984    0.03772     7.34  0.0000
D_lnCambio_1         0.113818    0.08230     1.38  0.1671
I:2008-09-07       -0.0578305    0.03275    -1.77  0.0779
I:2008-09-28        -0.124312    0.03285    -3.78  0.0002
I:2008-10-05        -0.124642    0.03307    -3.77  0.0002
I:2008-10-12        -0.135607    0.03421    -3.96  0.0001
I:2008-10-19       -0.0202572    0.03345   -0.606  0.5450
I:2008-10-26       -0.0369875    0.03284    -1.13  0.2604
I:2008-11-23        0.0697258    0.03271     2.13  0.0334
I:2008-11-30        -0.201078    0.03261    -6.17  0.0000
I:2008-12-28         0.130489    0.03286     3.97  0.0001
I:2009-01-04        0.0614568    0.03270     1.88  0.0607
I:2009-02-15       -0.0787841    0.03264    -2.41  0.0161
I:2009-03-15         0.107430    0.03280     3.28  0.0011
I:2015-02-01         0.115537    0.03261     3.54  0.0004
I:2015-03-08       -0.0546051    0.03281    -1.66  0.0965
I:2015-08-30         0.126449    0.03269     3.87  0.0001
I:2015-09-20        0.0205002    0.03261    0.629  0.5298
I:2016-01-10        -0.122845    0.03271    -3.76  0.0002
I:2016-01-24         0.116390    0.03267     3.56  0.0004
I:2016-08-14        0.0887247    0.03261     2.72  0.0067
I:2018-10-07       -0.0277950    0.03264   -0.852  0.3948
I:2018-12-30        0.0966724    0.03264     2.96  0.0032
Constant      U   0.000152677   0.001192    0.128  0.8981
CSeasonal     U    0.00252659    0.01234    0.205  0.8378
CSeasonal_1   U   -0.00672290    0.01233   -0.545  0.5858
CSeasonal_2   U    0.00353082    0.01213    0.291  0.7711
CSeasonal_3   U   -0.00939526    0.01207   -0.778  0.4368
CSeasonal_4   U   -0.00465823    0.01210   -0.385  0.7003
CSeasonal_5   U    -0.0194492    0.01208    -1.61  0.1078
CSeasonal_6   U   0.000195059    0.01209   0.0161  0.9871
CSeasonal_7   U    0.00148312    0.01207    0.123  0.9022
CSeasonal_8   U   -0.00656693    0.01207   -0.544  0.5865
CSeasonal_9   U   -0.00996206    0.01207   -0.825  0.4097
CSeasonal_10  U   -0.00103801    0.01207  -0.0860  0.9315
CSeasonal_11  U    -0.0200241    0.01212    -1.65  0.0989
CSeasonal_12  U   -0.00324345    0.01211   -0.268  0.7889
CSeasonal_13  U   -0.00578073    0.01210   -0.478  0.6330
CSeasonal_14  U    -0.0116999    0.01210   -0.967  0.3338
CSeasonal_15  U   -0.00616882    0.01208   -0.511  0.6098
CSeasonal_16  U   -0.00938133    0.01211   -0.775  0.4388
CSeasonal_17  U    -0.0100297    0.01212   -0.828  0.4082
CSeasonal_18  U    -0.0261845    0.01208    -2.17  0.0306
CSeasonal_19  U    0.00260889    0.01211    0.215  0.8295
CSeasonal_20  U    -0.0175385    0.01230    -1.43  0.1543
CSeasonal_21  U    -0.0167753    0.01207    -1.39  0.1652
CSeasonal_22  U   -0.00986789    0.01256   -0.785  0.4325
CSeasonal_23  U    -0.0125826    0.01207    -1.04  0.2976
CSeasonal_24  U    -0.0130468    0.01208    -1.08  0.2807
CSeasonal_25  U    -0.0140079    0.01257    -1.11  0.2656
CSeasonal_26  U    0.00224366    0.01232    0.182  0.8556
CSeasonal_27  U     0.0170801    0.01231     1.39  0.1659
CSeasonal_28  U    -0.0165925    0.01264    -1.31  0.1899
CSeasonal_29  U    -0.0139580    0.01232    -1.13  0.2576
CSeasonal_30  U   -0.00765737    0.01214   -0.631  0.5283
CSeasonal_31  U    -0.0250185    0.01211    -2.07  0.0393
CSeasonal_32  U    -0.0166709    0.01211    -1.38  0.1690
CSeasonal_33  U    -0.0176513    0.01230    -1.43  0.1518
CSeasonal_34  U   0.000671216    0.01231   0.0545  0.9565
CSeasonal_35  U    -0.0162203    0.01211    -1.34  0.1810
CSeasonal_36  U    -0.0208859    0.01209    -1.73  0.0845
CSeasonal_37  U    -0.0153886    0.01211    -1.27  0.2042
CSeasonal_38  U   -0.00494968    0.01230   -0.403  0.6874
CSeasonal_39  U    -0.0143926    0.01232    -1.17  0.2433
CSeasonal_40  U    -0.0281537    0.01236    -2.28  0.0231
CSeasonal_41  U    -0.0115686    0.01259   -0.919  0.3586
CSeasonal_42  U   -0.00295158    0.01238   -0.238  0.8116
CSeasonal_43  U   -0.00340295    0.01257   -0.271  0.7867
CSeasonal_44  U   -0.00581691    0.01258   -0.463  0.6438
CSeasonal_45  U   -0.00445560    0.01257   -0.355  0.7230
CSeasonal_46  U     0.0166975    0.01230     1.36  0.1750
CSeasonal_47  U   -0.00896569    0.01231   -0.728  0.4666
CSeasonal_48  U  -0.000482634    0.01230  -0.0392  0.9687
CSeasonal_49  U    -0.0152262    0.01285    -1.19  0.2364
CSeasonal_50  U   0.000494677    0.01230   0.0402  0.9679

sigma = 0.0313285   RSS = 0.628144132

URF equation for: D_lnCambio
                  Coefficient  Std.Error  t-value  t-prob
D_brent_1          -0.0380157    0.01778    -2.14  0.0329
D_lnCambio_1         0.157349    0.03879     4.06  0.0001
I:2008-09-07        0.0478106    0.01544     3.10  0.0020
I:2008-09-28        0.0853827    0.01549     5.51  0.0000
I:2008-10-05         0.118330    0.01559     7.59  0.0000
I:2008-10-12       -0.0609229    0.01612    -3.78  0.0002
I:2008-10-19        0.0534267    0.01577     3.39  0.0007
I:2008-10-26       -0.0575256    0.01548    -3.72  0.0002
I:2008-11-23       -0.0360492    0.01542    -2.34  0.0197
I:2008-11-30        0.0579248    0.01537     3.77  0.0002
I:2008-12-28      -0.00660428    0.01549   -0.426  0.6700
I:2009-01-04       -0.0367239    0.01542    -2.38  0.0175
I:2009-02-15        0.0263124    0.01539     1.71  0.0877
I:2009-03-15       -0.0294131    0.01546    -1.90  0.0576
I:2015-02-01        0.0531118    0.01537     3.45  0.0006
I:2015-03-08        0.0527614    0.01547     3.41  0.0007
I:2015-08-30        0.0370627    0.01541     2.41  0.0164
I:2015-09-20        0.0497300    0.01537     3.24  0.0013
I:2016-01-10      -0.00586448    0.01542   -0.380  0.7039
I:2016-01-24      -0.00281796    0.01540   -0.183  0.8549
I:2016-08-14        0.0188071    0.01537     1.22  0.2216
I:2018-10-07       -0.0447543    0.01539    -2.91  0.0038
I:2018-12-30       -0.0325538    0.01538    -2.12  0.0347
Constant      U  1.49417e-005  0.0005620   0.0266  0.9788
CSeasonal     U    0.00272313   0.005815    0.468  0.6397
CSeasonal_1   U   0.000540878   0.005813   0.0931  0.9259
CSeasonal_2   U    0.00997460   0.005718     1.74  0.0816
CSeasonal_3   U    0.00526641   0.005692    0.925  0.3552
CSeasonal_4   U    0.00922973   0.005703     1.62  0.1061
CSeasonal_5   U     0.0126369   0.005694     2.22  0.0268
CSeasonal_6   U     0.0101124   0.005700     1.77  0.0765
CSeasonal_7   U     0.0122324   0.005690     2.15  0.0319
CSeasonal_8   U    0.00923373   0.005689     1.62  0.1050
CSeasonal_9   U     0.0118846   0.005692     2.09  0.0372
CSeasonal_10  U   0.000342218   0.005692   0.0601  0.9521
CSeasonal_11  U    0.00883647   0.005712     1.55  0.1223
CSeasonal_12  U    0.00444534   0.005709    0.779  0.4365
CSeasonal_13  U    0.00561046   0.005703    0.984  0.3256
CSeasonal_14  U     0.0114024   0.005702     2.00  0.0460
CSeasonal_15  U    0.00255330   0.005695    0.448  0.6541
CSeasonal_16  U    0.00344699   0.005709    0.604  0.5462
CSeasonal_17  U     0.0113254   0.005713     1.98  0.0479
CSeasonal_18  U     0.0183836   0.005695     3.23  0.0013
CSeasonal_19  U    0.00544551   0.005707    0.954  0.3404
CSeasonal_20  U     0.0118403   0.005796     2.04  0.0415
CSeasonal_21  U     0.0106660   0.005692     1.87  0.0614
CSeasonal_22  U    0.00761355   0.005922     1.29  0.1991
CSeasonal_23  U    0.00926888   0.005690     1.63  0.1038
CSeasonal_24  U     0.0122319   0.005696     2.15  0.0321
CSeasonal_25  U    0.00235954   0.005926    0.398  0.6906
CSeasonal_26  U    0.00449988   0.005809    0.775  0.4388
CSeasonal_27  U   -0.00708615   0.005804    -1.22  0.2226
CSeasonal_28  U     0.0142028   0.005961     2.38  0.0175
CSeasonal_29  U    0.00686202   0.005807     1.18  0.2378
CSeasonal_30  U    0.00440263   0.005721    0.770  0.4418
CSeasonal_31  U     0.0191234   0.005710     3.35  0.0009
CSeasonal_32  U     0.0184466   0.005707     3.23  0.0013
CSeasonal_33  U     0.0143554   0.005799     2.48  0.0136
CSeasonal_34  U  2.21720e-005   0.005802  0.00382  0.9970
CSeasonal_35  U     0.0160024   0.005710     2.80  0.0052
CSeasonal_36  U    0.00958791   0.005697     1.68  0.0929
CSeasonal_37  U     0.0111614   0.005707     1.96  0.0509
CSeasonal_38  U    0.00291468   0.005797    0.503  0.6153
CSeasonal_39  U    0.00323212   0.005810    0.556  0.5782
CSeasonal_40  U     0.0139374   0.005826     2.39  0.0170
CSeasonal_41  U    0.00328571   0.005935    0.554  0.5801
CSeasonal_42  U    0.00578276   0.005834    0.991  0.3220
CSeasonal_43  U    0.00337759   0.005927    0.570  0.5690
CSeasonal_44  U   0.000330750   0.005928   0.0558  0.9555
CSeasonal_45  U     0.0100388   0.005923     1.69  0.0906
CSeasonal_46  U    0.00654081   0.005797     1.13  0.2596
CSeasonal_47  U    0.00806668   0.005802     1.39  0.1649
CSeasonal_48  U    0.00743729   0.005800     1.28  0.2002
CSeasonal_49  U     0.0103189   0.006057     1.70  0.0889
CSeasonal_50  U     0.0134631   0.005797     2.32  0.0205

sigma = 0.0147682   RSS = 0.1395838068

log-likelihood     3586.51882  -T/2log|Omega|     5615.60092
|Omega|        1.5070002e-007  log|Y'Y/T|        -15.0335039
R^2(LR)              0.490574  R^2(LM)              0.286233
no. of observations       715  no. of parameters         150

F-test on regressors except unrestricted: F(46,1278) = 11.1427 [0.0000] **
F-tests on retained regressors, F(2,639) =
   D_brent_1       27.0239 [0.000]**D_lnCambio_1       12.6531 [0.000]**
I:2008-09-07       5.05668 [0.007]**I:2008-09-28       17.1498 [0.000]**
I:2008-10-05       29.4791 [0.000]**I:2008-10-12       22.9689 [0.000]**
I:2008-10-19       5.91762 [0.003]**I:2008-10-26       10.2245 [0.000]**
I:2008-11-23       3.71534 [0.025]* I:2008-11-30       20.4748 [0.000]**
I:2008-12-28       8.39229 [0.000]**I:2009-01-04       3.45838 [0.032]* 
I:2009-02-15       3.33818 [0.036]* I:2009-03-15       5.68482 [0.004]**
I:2015-02-01       18.7536 [0.000]**I:2015-03-08       5.93941 [0.003]**
I:2015-08-30       15.4739 [0.000]**I:2015-09-20       6.97532 [0.001]**
I:2016-01-10       8.65897 [0.000]**I:2016-01-24       6.97347 [0.001]**
I:2016-08-14       6.37291 [0.002]**I:2018-10-07       6.19940 [0.002]**
I:2018-12-30       5.04832 [0.007]**    Constant U   0.0110674 [0.989]  
   CSeasonal U    0.186394 [0.830]   CSeasonal_1 U    0.153725 [0.858]  
 CSeasonal_2 U     1.97802 [0.139]   CSeasonal_3 U    0.545405 [0.580]  
 CSeasonal_4 U     1.32574 [0.266]   CSeasonal_5 U     2.85721 [0.058]  
 CSeasonal_6 U     1.79992 [0.166]   CSeasonal_7 U     2.73912 [0.065]  
 CSeasonal_8 U     1.31561 [0.269]   CSeasonal_9 U     2.18187 [0.114]  
CSeasonal_10 U  0.00420701 [0.996]  CSeasonal_11 U     1.89974 [0.150]  
CSeasonal_12 U    0.302645 [0.739]  CSeasonal_13 U    0.493458 [0.611]  
CSeasonal_14 U     2.03779 [0.131]  CSeasonal_15 U    0.171724 [0.842]  
CSeasonal_16 U    0.362973 [0.696]  CSeasonal_17 U     1.97267 [0.140]  
CSeasonal_18 U     5.81955 [0.003]**CSeasonal_19 U    0.625010 [0.536]  
CSeasonal_20 U     2.37337 [0.094]  CSeasonal_21 U     2.06147 [0.128]  
CSeasonal_22 U    0.889807 [0.411]  CSeasonal_23 U     1.45307 [0.235]  
CSeasonal_24 U     2.36468 [0.095]  CSeasonal_25 U    0.619943 [0.538]  
CSeasonal_26 U    0.415595 [0.660]  CSeasonal_27 U     1.26988 [0.282]  
CSeasonal_28 U     2.96648 [0.052]  CSeasonal_29 U    0.992741 [0.371]  
CSeasonal_30 U    0.370484 [0.691]  CSeasonal_31 U     6.05947 [0.002]**
CSeasonal_32 U     5.25232 [0.005]**CSeasonal_33 U     3.24517 [0.040]* 
CSeasonal_34 U  0.00178060 [0.998]  CSeasonal_35 U     3.99594 [0.019]* 
CSeasonal_36 U     2.15462 [0.117]  CSeasonal_37 U     2.10703 [0.122]  
CSeasonal_38 U    0.155584 [0.856]  CSeasonal_39 U    0.693566 [0.500]  
CSeasonal_40 U     4.04294 [0.018]* CSeasonal_41 U    0.452416 [0.636]  
CSeasonal_42 U    0.496945 [0.609]  CSeasonal_43 U    0.165081 [0.848]  
CSeasonal_44 U    0.113112 [0.893]  CSeasonal_45 U     1.46545 [0.232]  
CSeasonal_46 U     2.37739 [0.094]  CSeasonal_47 U    0.998794 [0.369]  
CSeasonal_48 U    0.915120 [0.401]  CSeasonal_49 U     1.64803 [0.193]  
CSeasonal_50 U     3.10264 [0.046]* 

correlation of URF residuals (standard deviations on diagonal)
                   D_brent   D_lnCambio
D_brent           0.031329     -0.34831
D_lnCambio        -0.34831     0.014768
correlation between actual and fitted
      D_brent   D_lnCambio
      0.58381      0.60263

D_brent_1@D_brent            0.27698
D_lnCambio_1@D_brent         0.11382
I:2008-09-07@D_brent       -0.057830
I:2008-09-28@D_brent        -0.12431
I:2008-10-05@D_brent        -0.12464
I:2008-10-12@D_brent        -0.13561
I:2008-10-19@D_brent       -0.020257
I:2008-10-26@D_brent       -0.036987
I:2008-11-23@D_brent        0.069726
I:2008-11-30@D_brent        -0.20108
I:2008-12-28@D_brent         0.13049
I:2009-01-04@D_brent        0.061457
I:2009-02-15@D_brent       -0.078784
I:2009-03-15@D_brent         0.10743
I:2015-02-01@D_brent         0.11554
I:2015-03-08@D_brent       -0.054605
I:2015-08-30@D_brent         0.12645
I:2015-09-20@D_brent        0.020500
I:2016-01-10@D_brent        -0.12285
I:2016-01-24@D_brent         0.11639
I:2016-08-14@D_brent        0.088725
I:2018-10-07@D_brent       -0.027795
I:2018-12-30@D_brent        0.096672
Constant@D_brent          0.00015268
CSeasonal@D_brent          0.0025266
CSeasonal_1@D_brent       -0.0067229
CSeasonal_2@D_brent        0.0035308
CSeasonal_3@D_brent       -0.0093953
CSeasonal_4@D_brent       -0.0046582
CSeasonal_5@D_brent        -0.019449
CSeasonal_6@D_brent       0.00019506
CSeasonal_7@D_brent        0.0014831
CSeasonal_8@D_brent       -0.0065669
CSeasonal_9@D_brent       -0.0099621
CSeasonal_10@D_brent      -0.0010380
CSeasonal_11@D_brent       -0.020024
CSeasonal_12@D_brent      -0.0032434
CSeasonal_13@D_brent      -0.0057807
CSeasonal_14@D_brent       -0.011700
CSeasonal_15@D_brent      -0.0061688
CSeasonal_16@D_brent      -0.0093813
CSeasonal_17@D_brent       -0.010030
CSeasonal_18@D_brent       -0.026185
CSeasonal_19@D_brent       0.0026089
CSeasonal_20@D_brent       -0.017538
CSeasonal_21@D_brent       -0.016775
CSeasonal_22@D_brent      -0.0098679
CSeasonal_23@D_brent       -0.012583
CSeasonal_24@D_brent       -0.013047
CSeasonal_25@D_brent       -0.014008
CSeasonal_26@D_brent       0.0022437
CSeasonal_27@D_brent        0.017080
CSeasonal_28@D_brent       -0.016593
CSeasonal_29@D_brent       -0.013958
CSeasonal_30@D_brent      -0.0076574
CSeasonal_31@D_brent       -0.025018
CSeasonal_32@D_brent       -0.016671
CSeasonal_33@D_brent       -0.017651
CSeasonal_34@D_brent      0.00067122
CSeasonal_35@D_brent       -0.016220
CSeasonal_36@D_brent       -0.020886
CSeasonal_37@D_brent       -0.015389
CSeasonal_38@D_brent      -0.0049497
CSeasonal_39@D_brent       -0.014393
CSeasonal_40@D_brent       -0.028154
CSeasonal_41@D_brent       -0.011569
CSeasonal_42@D_brent      -0.0029516
CSeasonal_43@D_brent      -0.0034030
CSeasonal_44@D_brent      -0.0058169
CSeasonal_45@D_brent      -0.0044556
CSeasonal_46@D_brent        0.016698
CSeasonal_47@D_brent      -0.0089657
CSeasonal_48@D_brent     -0.00048263
CSeasonal_49@D_brent       -0.015226
CSeasonal_50@D_brent      0.00049468
D_brent_1@D_lnCambio       -0.038016
D_lnCambio_1@D_lnCambio      0.15735
I:2008-09-07@D_lnCambio     0.047811
I:2008-09-28@D_lnCambio     0.085383
I:2008-10-05@D_lnCambio      0.11833
I:2008-10-12@D_lnCambio    -0.060923
I:2008-10-19@D_lnCambio     0.053427
I:2008-10-26@D_lnCambio    -0.057526
I:2008-11-23@D_lnCambio    -0.036049
I:2008-11-30@D_lnCambio     0.057925
I:2008-12-28@D_lnCambio   -0.0066043
I:2009-01-04@D_lnCambio    -0.036724
I:2009-02-15@D_lnCambio     0.026312
I:2009-03-15@D_lnCambio    -0.029413
I:2015-02-01@D_lnCambio     0.053112
I:2015-03-08@D_lnCambio     0.052761
I:2015-08-30@D_lnCambio     0.037063
I:2015-09-20@D_lnCambio     0.049730
I:2016-01-10@D_lnCambio   -0.0058645
I:2016-01-24@D_lnCambio   -0.0028180
I:2016-08-14@D_lnCambio     0.018807
I:2018-10-07@D_lnCambio    -0.044754
I:2018-12-30@D_lnCambio    -0.032554
Constant@D_lnCambio      1.4942e-005
CSeasonal@D_lnCambio       0.0027231
CSeasonal_1@D_lnCambio    0.00054088
CSeasonal_2@D_lnCambio     0.0099746
CSeasonal_3@D_lnCambio     0.0052664
CSeasonal_4@D_lnCambio     0.0092297
CSeasonal_5@D_lnCambio      0.012637
CSeasonal_6@D_lnCambio      0.010112
CSeasonal_7@D_lnCambio      0.012232
CSeasonal_8@D_lnCambio     0.0092337
CSeasonal_9@D_lnCambio      0.011885
CSeasonal_10@D_lnCambio   0.00034222
CSeasonal_11@D_lnCambio    0.0088365
CSeasonal_12@D_lnCambio    0.0044453
CSeasonal_13@D_lnCambio    0.0056105
CSeasonal_14@D_lnCambio     0.011402
CSeasonal_15@D_lnCambio    0.0025533
CSeasonal_16@D_lnCambio    0.0034470
CSeasonal_17@D_lnCambio     0.011325
CSeasonal_18@D_lnCambio     0.018384
CSeasonal_19@D_lnCambio    0.0054455
CSeasonal_20@D_lnCambio     0.011840
CSeasonal_21@D_lnCambio     0.010666
CSeasonal_22@D_lnCambio    0.0076136
CSeasonal_23@D_lnCambio    0.0092689
CSeasonal_24@D_lnCambio     0.012232
CSeasonal_25@D_lnCambio    0.0023595
CSeasonal_26@D_lnCambio    0.0044999
CSeasonal_27@D_lnCambio   -0.0070862
CSeasonal_28@D_lnCambio     0.014203
CSeasonal_29@D_lnCambio    0.0068620
CSeasonal_30@D_lnCambio    0.0044026
CSeasonal_31@D_lnCambio     0.019123
CSeasonal_32@D_lnCambio     0.018447
CSeasonal_33@D_lnCambio     0.014355
CSeasonal_34@D_lnCambio  2.2172e-005
CSeasonal_35@D_lnCambio     0.016002
CSeasonal_36@D_lnCambio    0.0095879
CSeasonal_37@D_lnCambio     0.011161
CSeasonal_38@D_lnCambio    0.0029147
CSeasonal_39@D_lnCambio    0.0032321
CSeasonal_40@D_lnCambio     0.013937
CSeasonal_41@D_lnCambio    0.0032857
CSeasonal_42@D_lnCambio    0.0057828
CSeasonal_43@D_lnCambio    0.0033776
CSeasonal_44@D_lnCambio   0.00033075
CSeasonal_45@D_lnCambio     0.010039
CSeasonal_46@D_lnCambio    0.0065408
CSeasonal_47@D_lnCambio    0.0080667
CSeasonal_48@D_lnCambio    0.0074373
CSeasonal_49@D_lnCambio     0.010319
CSeasonal_50@D_lnCambio     0.013463
Processo H iniciado
asParamNames
D_brent_1@D_brent
D_lnCambio_1@D_brent
I:2008-09-07@D_brent
I:2008-09-28@D_brent
I:2008-10-05@D_brent
I:2008-10-12@D_brent
I:2008-10-19@D_brent
I:2008-10-26@D_brent
I:2008-11-23@D_brent
I:2008-11-30@D_brent
I:2008-12-28@D_brent
I:2009-01-04@D_brent
I:2009-02-15@D_brent
I:2009-03-15@D_brent
I:2015-02-01@D_brent
I:2015-03-08@D_brent
I:2015-08-30@D_brent
I:2015-09-20@D_brent
I:2016-01-10@D_brent
I:2016-01-24@D_brent
I:2016-08-14@D_brent
I:2018-10-07@D_brent
I:2018-12-30@D_brent
Constant@D_brent
CSeasonal@D_brent
CSeasonal_1@D_brent
CSeasonal_2@D_brent
CSeasonal_3@D_brent
CSeasonal_4@D_brent
CSeasonal_5@D_brent
CSeasonal_6@D_brent
CSeasonal_7@D_brent
CSeasonal_8@D_brent
CSeasonal_9@D_brent
CSeasonal_10@D_brent
CSeasonal_11@D_brent
CSeasonal_12@D_brent
CSeasonal_13@D_brent
CSeasonal_14@D_brent
CSeasonal_15@D_brent
CSeasonal_16@D_brent
CSeasonal_17@D_brent
CSeasonal_18@D_brent
CSeasonal_19@D_brent
CSeasonal_20@D_brent
CSeasonal_21@D_brent
CSeasonal_22@D_brent
CSeasonal_23@D_brent
CSeasonal_24@D_brent
CSeasonal_25@D_brent
CSeasonal_26@D_brent
CSeasonal_27@D_brent
CSeasonal_28@D_brent
CSeasonal_29@D_brent
CSeasonal_30@D_brent
CSeasonal_31@D_brent
CSeasonal_32@D_brent
CSeasonal_33@D_brent
CSeasonal_34@D_brent
CSeasonal_35@D_brent
CSeasonal_36@D_brent
CSeasonal_37@D_brent
CSeasonal_38@D_brent
CSeasonal_39@D_brent
CSeasonal_40@D_brent
CSeasonal_41@D_brent
CSeasonal_42@D_brent
CSeasonal_43@D_brent
CSeasonal_44@D_brent
CSeasonal_45@D_brent
CSeasonal_46@D_brent
CSeasonal_47@D_brent
CSeasonal_48@D_brent
CSeasonal_49@D_brent
CSeasonal_50@D_brent
D_brent_1@D_lnCambio
D_lnCambio_1@D_lnCambio
I:2008-09-07@D_lnCambio
I:2008-09-28@D_lnCambio
I:2008-10-05@D_lnCambio
I:2008-10-12@D_lnCambio
I:2008-10-19@D_lnCambio
I:2008-10-26@D_lnCambio
I:2008-11-23@D_lnCambio
I:2008-11-30@D_lnCambio
I:2008-12-28@D_lnCambio
I:2009-01-04@D_lnCambio
I:2009-02-15@D_lnCambio
I:2009-03-15@D_lnCambio
I:2015-02-01@D_lnCambio
I:2015-03-08@D_lnCambio
I:2015-08-30@D_lnCambio
I:2015-09-20@D_lnCambio
I:2016-01-10@D_lnCambio
I:2016-01-24@D_lnCambio
I:2016-08-14@D_lnCambio
I:2018-10-07@D_lnCambio
I:2018-12-30@D_lnCambio
Constant@D_lnCambio
CSeasonal@D_lnCambio
CSeasonal_1@D_lnCambio
CSeasonal_2@D_lnCambio
CSeasonal_3@D_lnCambio
CSeasonal_4@D_lnCambio
CSeasonal_5@D_lnCambio
CSeasonal_6@D_lnCambio
CSeasonal_7@D_lnCambio
CSeasonal_8@D_lnCambio
CSeasonal_9@D_lnCambio
CSeasonal_10@D_lnCambio
CSeasonal_11@D_lnCambio
CSeasonal_12@D_lnCambio
CSeasonal_13@D_lnCambio
CSeasonal_14@D_lnCambio
CSeasonal_15@D_lnCambio
CSeasonal_16@D_lnCambio
CSeasonal_17@D_lnCambio
CSeasonal_18@D_lnCambio
CSeasonal_19@D_lnCambio
CSeasonal_20@D_lnCambio
CSeasonal_21@D_lnCambio
CSeasonal_22@D_lnCambio
CSeasonal_23@D_lnCambio
CSeasonal_24@D_lnCambio
CSeasonal_25@D_lnCambio
CSeasonal_26@D_lnCambio
CSeasonal_27@D_lnCambio
CSeasonal_28@D_lnCambio
CSeasonal_29@D_lnCambio
CSeasonal_30@D_lnCambio
CSeasonal_31@D_lnCambio
CSeasonal_32@D_lnCambio
CSeasonal_33@D_lnCambio
CSeasonal_34@D_lnCambio
CSeasonal_35@D_lnCambio
CSeasonal_36@D_lnCambio
CSeasonal_37@D_lnCambio
CSeasonal_38@D_lnCambio
CSeasonal_39@D_lnCambio
CSeasonal_40@D_lnCambio
CSeasonal_41@D_lnCambio
CSeasonal_42@D_lnCambio
CSeasonal_43@D_lnCambio
CSeasonal_44@D_lnCambio
CSeasonal_45@D_lnCambio
CSeasonal_46@D_lnCambio
CSeasonal_47@D_lnCambio
CSeasonal_48@D_lnCambio
CSeasonal_49@D_lnCambio
CSeasonal_50@D_lnCambio
vParamValues
      0.27698
      0.11382
    -0.057830
     -0.12431
     -0.12464
     -0.13561
    -0.020257
    -0.036987
     0.069726
     -0.20108
      0.13049
     0.061457
    -0.078784
      0.10743
      0.11554
    -0.054605
      0.12645
     0.020500
     -0.12285
      0.11639
     0.088725
    -0.027795
     0.096672
   0.00015268
    0.0025266
   -0.0067229
    0.0035308
   -0.0093953
   -0.0046582
    -0.019449
   0.00019506
    0.0014831
   -0.0065669
   -0.0099621
   -0.0010380
    -0.020024
   -0.0032434
   -0.0057807
    -0.011700
   -0.0061688
   -0.0093813
    -0.010030
    -0.026185
    0.0026089
    -0.017538
    -0.016775
   -0.0098679
    -0.012583
    -0.013047
    -0.014008
    0.0022437
     0.017080
    -0.016593
    -0.013958
   -0.0076574
    -0.025018
    -0.016671
    -0.017651
   0.00067122
    -0.016220
    -0.020886
    -0.015389
   -0.0049497
    -0.014393
    -0.028154
    -0.011569
   -0.0029516
   -0.0034030
   -0.0058169
   -0.0044556
     0.016698
   -0.0089657
  -0.00048263
    -0.015226
   0.00049468
    -0.038016
      0.15735
     0.047811
     0.085383
      0.11833
    -0.060923
     0.053427
    -0.057526
    -0.036049
     0.057925
   -0.0066043
    -0.036724
     0.026312
    -0.029413
     0.053112
     0.052761
     0.037063
     0.049730
   -0.0058645
   -0.0028180
     0.018807
    -0.044754
    -0.032554
  1.4942e-005
    0.0027231
   0.00054088
    0.0099746
    0.0052664
    0.0092297
     0.012637
     0.010112
     0.012232
    0.0092337
     0.011885
   0.00034222
    0.0088365
    0.0044453
    0.0056105
     0.011402
    0.0025533
    0.0034470
     0.011325
     0.018384
    0.0054455
     0.011840
     0.010666
    0.0076136
    0.0092689
     0.012232
    0.0023595
    0.0044999
   -0.0070862
     0.014203
    0.0068620
    0.0044026
     0.019123
     0.018447
     0.014355
  2.2172e-005
     0.016002
    0.0095879
     0.011161
    0.0029147
    0.0032321
     0.013937
    0.0032857
    0.0057828
    0.0033776
   0.00033075
     0.010039
    0.0065408
    0.0080667
    0.0074373
     0.010319
     0.013463
D_brent_1@D_brent
0
D_lnCambio_1@D_brent
1
D_brent_2@D_brent
-1
D_lnCambio_2@D_brent
-1
D_brent_3@D_brent
-1
D_lnCambio_3@D_brent
-1
D_brent_4@D_brent
-1
D_lnCambio_4@D_brent
-1
D_brent_5@D_brent
-1
D_lnCambio_5@D_brent
-1
D_brent_6@D_brent
-1
D_lnCambio_6@D_brent
-1
D_brent_7@D_brent
-1
D_lnCambio_7@D_brent
-1
D_brent_8@D_brent
-1
D_lnCambio_8@D_brent
-1
D_brent_1@D_lnCambio
75
D_lnCambio_1@D_lnCambio
76
D_brent_2@D_lnCambio
-1
D_lnCambio_2@D_lnCambio
-1
D_brent_3@D_lnCambio
-1
D_lnCambio_3@D_lnCambio
-1
D_brent_4@D_lnCambio
-1
D_lnCambio_4@D_lnCambio
-1
D_brent_5@D_lnCambio
-1
D_lnCambio_5@D_lnCambio
-1
D_brent_6@D_lnCambio
-1
D_lnCambio_6@D_lnCambio
-1
D_brent_7@D_lnCambio
-1
D_lnCambio_7@D_lnCambio
-1
D_brent_8@D_lnCambio
-1
D_lnCambio_8@D_lnCambio
-1

                 D_brent_1 D_lnCambio_1    D_brent_2 D_lnCambio_2    D_brent_3 D_lnCambio_3    D_brent_4 D_lnCambio_4    D_brent_5 D_lnCambio_5    D_brent_6 D_lnCambio_6    D_brent_7 D_lnCambio_7    D_brent_8 D_lnCambio_8
brent              0.27698      0.11382      0.00000      0.00000      0.00000      0.00000      0.00000      0.00000      0.00000      0.00000      0.00000      0.00000      0.00000      0.00000      0.00000      0.00000
lnCambio         -0.038016      0.15735      0.00000      0.00000      0.00000      0.00000      0.00000      0.00000      0.00000      0.00000      0.00000      0.00000      0.00000      0.00000      0.00000      0.00000
Processo U iniciado
Processo U finalizado
Processo Extracao da matriz de saturacao (IIS)
Processo AlphaBeta iniciado
Processo B iniciado
D_mX_1@D_brent
-1
D_mX_2@D_brent
-1
D_mX_3@D_brent
-1
D_mX_4@D_brent
-1
D_mX_5@D_brent
-1
D_mX_6@D_brent
-1
D_mX_7@D_brent
-1
D_mX_8@D_brent
-1
D_mX_1@D_lnCambio
-1
D_mX_2@D_lnCambio
-1
D_mX_3@D_lnCambio
-1
D_mX_4@D_lnCambio
-1
D_mX_5@D_lnCambio
-1
D_mX_6@D_lnCambio
-1
D_mX_7@D_lnCambio
-1
D_mX_8@D_lnCambio
-1
*** Fim da estimacao dos modelos de macrovariaveis *** 
